c:\users\havok\source\repos\weather_sim\x64\debug\vc142.pdb
c:\users\havok\source\repos\weather_sim\x64\debug\vc142.idb
c:\users\havok\source\repos\weather_sim\x64\debug\vbo.obj
c:\users\havok\source\repos\weather_sim\x64\debug\vao.obj
c:\users\havok\source\repos\weather_sim\x64\debug\texture.obj
c:\users\havok\source\repos\weather_sim\x64\debug\shaderclass.obj
c:\users\havok\source\repos\weather_sim\x64\debug\ebo.obj
c:\users\havok\source\repos\weather_sim\x64\debug\camera.obj
c:\users\havok\source\repos\weather_sim\x64\debug\weather_sim.obj
c:\users\havok\source\repos\weather_sim\x64\debug\stb.obj
c:\users\havok\source\repos\weather_sim\x64\debug\glad.obj
c:\users\havok\source\repos\weather_sim\x64\debug\game.obj
c:\users\havok\source\repos\weather_sim\x64\debug\shader.obj
c:\users\havok\source\repos\weather_sim\x64\debug\weather_sim.ilk
c:\users\havok\source\repos\weather_sim\x64\debug\weather_sim.exe
c:\users\havok\source\repos\weather_sim\x64\debug\weather_sim.pdb
c:\users\havok\source\repos\weather_sim\x64\debug\weather_sim.tlog\cl.command.1.tlog
c:\users\havok\source\repos\weather_sim\x64\debug\weather_sim.tlog\cl.read.1.tlog
c:\users\havok\source\repos\weather_sim\x64\debug\weather_sim.tlog\cl.write.1.tlog
c:\users\havok\source\repos\weather_sim\x64\debug\weather_sim.tlog\link.command.1.tlog
c:\users\havok\source\repos\weather_sim\x64\debug\weather_sim.tlog\link.read.1.tlog
c:\users\havok\source\repos\weather_sim\x64\debug\weather_sim.tlog\link.write.1.tlog
